[     600ms] [WARNING] Failed to decode downloaded font: https://fonts.googleapis.com/css2?family=Plus+Jakarta+Sans:wght@200..800&display=swap @ http://localhost:3000/chat:323
[     600ms] [WARNING] OTS parsing error: invalid sfntVersion: 791289955 @ http://localhost:3000/chat:323
[     842ms] [ERROR] A tree hydrated but some attributes of the server rendered HTML didn't match the client properties. This won't be patched up. This can happen if a SSR-ed Client Component used:

- A server/client branch `if (typeof window !== 'undefined')`.
- Variable input such as `Date.now()` or `Math.random()` which changes each time it's called.
- Date formatting in a user's locale which doesn't match the server.
- External changing data without sending a snapshot of it along with the HTML.
- Invalid HTML tag nesting.

It can also happen if the client has a browser extension installed which messes with the HTML before React loaded.

%s%s https://react.dev/link/hydration-mismatch 

  ...
    <QueryClientProvider client={{}}>
      <ThemeProvider>
        <NavigationProgress>
        <div className="flex h-dvh...">
          <Sidebar>
          <div>
          <MobileNav>
          <NotificationsPanel>
          <GlobalSearch>
            <CommandDialog open={false} onOpenChange={function setSearchOpen} title="Recherche" ...>
              <Dialog open={false} onOpenChange={function setSearchOpen}>
                <Dialog data-slot="dialog" open={false} onOpenChange={function setSearchOpen}>
                  <DialogProvider scope={undefined} triggerRef={{current:null}} contentRef={{current:null}} ...>
                    <DialogHeader className="sr-only">
                      <div data-slot="dialog-header" className="flex flex-...">
                        <DialogTitle>
                          <DialogTitle data-slot="dialog-title" className="text-lg le...">
                            <Primitive.h2 id="radix-_R_5..." data-slot="dialog-title" className="text-lg le..." ...>
                              <h2
+                               id="radix-_R_5snelbH1_"
-                               id="radix-_R_nknelbH1_"
                                data-slot="dialog-title"
                                className="text-lg leading-none font-semibold"
                                ref={null}
                              >
+                               Recherche
                        <DialogDescription>
                          <DialogDescription data-slot="dialog-des..." className="text-muted...">
                            <Primitive.p id="radix-_R_5..." data-slot="dialog-des..." className="text-muted..." ...>
                              <p
+                               id="radix-_R_5snelbH2_"
-                               id="radix-_R_nknelbH2_"
                                data-slot="dialog-description"
                                className="text-muted-foreground text-sm"
                                ref={null}
                              >
+                               {"Rechercher dans l'application"}
                    ...
          ...
 @ http://localhost:3000/_next/static/chunks/node_modules_next_dist_f3530cac._.js:3127
[   89618ms] [WARNING] Failed to decode downloaded font: https://fonts.googleapis.com/css2?family=Plus+Jakarta+Sans:wght@200..800&display=swap @ http://localhost:3000/chat:323
[   89618ms] [WARNING] OTS parsing error: invalid sfntVersion: 791289955 @ http://localhost:3000/chat:323
[  132574ms] [ERROR] Failed to load resource: the server responded with a status of 404 (Not Found) @ http://localhost:3000/src/lib/supabase/client.ts:0
[  155393ms] [WARNING] The resource http://localhost:3000/_next/static/chunks/%5Broot-of-the-server%5D__827c876f._.css was preloaded using link preload but not used within a few seconds from the window's load event. Please make sure it has an appropriate `as` value and it is preloaded intentionally. @ http://localhost:3000/chat:0
[  159908ms] [WARNING] The resource http://localhost:3000/_next/static/chunks/%5Broot-of-the-server%5D__827c876f._.css was preloaded using link preload but not used within a few seconds from the window's load event. Please make sure it has an appropriate `as` value and it is preloaded intentionally. @ http://localhost:3000/chat:0
[  176294ms] [WARNING] The resource http://localhost:3000/_next/static/chunks/%5Broot-of-the-server%5D__827c876f._.css was preloaded using link preload but not used within a few seconds from the window's load event. Please make sure it has an appropriate `as` value and it is preloaded intentionally. @ http://localhost:3000/chat:0
[  215711ms] [WARNING] The resource http://localhost:3000/_next/static/chunks/%5Broot-of-the-server%5D__827c876f._.css was preloaded using link preload but not used within a few seconds from the window's load event. Please make sure it has an appropriate `as` value and it is preloaded intentionally. @ http://localhost:3000/chat:0
